<?xml version="1.0" encoding="UTF-8"?>
<!-- Generated by org.testng.reporters.JUnitReportReporter -->
<testsuite hostname="DESKTOP-509QHVL" failures="0" tests="3" name="testngpractice.UsageOfDataProvider" time="14.825" errors="0" timestamp="2023-01-30T17:31:37 IST" skipped="0">
  <testcase classname="testngpractice.UsageOfDataProvider" name="login" time="3.977"/>
  <system-out/>
  <testcase classname="testngpractice.UsageOfDataProvider" name="login" time="6.344"/>
  <system-out/>
  <testcase classname="testngpractice.UsageOfDataProvider" name="login" time="4.504"/>
  <system-out/>
</testsuite> <!-- testngpractice.UsageOfDataProvider -->
