<?xml version="1.0" encoding="UTF-8"?>
<!-- Generated by org.testng.reporters.JUnitReportReporter -->
<testsuite hostname="DESKTOP-509QHVL" failures="0" tests="4" name="testngpractice.Login" time="20.276" errors="0" timestamp="2023-01-31T14:51:07 IST" skipped="0">
  <testcase classname="testngpractice.Login" name="login" time="5.342"/>
  <system-out/>
  <testcase classname="testngpractice.Login" name="login" time="5.094"/>
  <system-out/>
  <testcase classname="testngpractice.Login" name="login" time="4.651"/>
  <system-out/>
  <testcase classname="testngpractice.Login" name="login" time="5.189"/>
  <system-out/>
</testsuite> <!-- testngpractice.Login -->
