<?xml version="1.0" encoding="UTF-8"?>
<!-- Generated by org.testng.reporters.JUnitReportReporter -->
<testsuite hostname="DESKTOP-509QHVL" failures="0" tests="1" name="testngorderpractice.TestAnnotations" time="0.010" errors="0" timestamp="2023-01-30T12:14:08 IST" skipped="0">
  <testcase classname="testngorderpractice.TestAnnotations" name="test" time="0.010"/>
  <system-out/>
</testsuite> <!-- testngorderpractice.TestAnnotations -->
