<?xml version="1.0" encoding="UTF-8"?>
<!-- Generated by org.testng.reporters.JUnitReportReporter -->
<testsuite hostname="DESKTOP-509QHVL" failures="0" tests="1" name="emendation.NotificationPopUp" time="9.791" errors="0" timestamp="2023-02-05T16:55:09 IST" skipped="0">
  <testcase classname="emendation.NotificationPopUp" name="testCase" time="9.791"/>
  <system-out/>
</testsuite> <!-- emendation.NotificationPopUp -->
