<?xml version="1.0" encoding="UTF-8"?>
<!-- Generated by org.testng.reporters.JUnitReportReporter -->
<testsuite hostname="DESKTOP-509QHVL" failures="0" tests="1" name="com.testyantra.demowebshop.test.SetAddress" time="10.667" errors="0" timestamp="2023-01-28T09:41:10 IST" skipped="0">
  <testcase classname="com.testyantra.demowebshop.test.SetAddress" name="setAddress" time="10.667"/>
  <system-out>
    <![CDATA[Homepage is displayed upon verification of title.
LoginPage is displayed upon verification of its URL.
AddressesPage is displayed upon verification of its URL.]]>
  </system-out>
</testsuite> <!-- com.testyantra.demowebshop.test.SetAddress -->
