<?xml version="1.0" encoding="UTF-8"?>
<!-- Generated by org.testng.reporters.JUnitReportReporter -->
<testsuite hostname="DESKTOP-509QHVL" failures="0" tests="1" name="testyantra.JavaScriptClickTest" time="8.363" errors="0" timestamp="2023-02-05T16:35:48 IST" skipped="0">
  <testcase classname="testyantra.JavaScriptClickTest" name="disableButtonClick" time="8.363"/>
  <system-out/>
</testsuite> <!-- testyantra.JavaScriptClickTest -->
