<?xml version="1.0" encoding="UTF-8"?>
<!-- Generated by org.testng.reporters.JUnitReportReporter -->
<testsuite hostname="DESKTOP-509QHVL" failures="0" tests="1" name="testngpractice.JavaScript2" time="5.077" errors="0" timestamp="2023-01-31T09:33:45 IST" skipped="0">
  <testcase classname="testngpractice.JavaScript2" name="disableTextField" time="5.077"/>
  <system-out/>
</testsuite> <!-- testngpractice.JavaScript2 -->
