<?xml version="1.0" encoding="UTF-8"?>
<!-- Generated by org.testng.reporters.JUnitReportReporter -->
<testsuite hostname="DESKTOP-509QHVL" failures="0" tests="1" name="testngpractice.DoubleClick1Test" time="9.753" errors="0" timestamp="2023-01-31T17:24:34 IST" skipped="0">
  <testcase classname="testngpractice.DoubleClick1Test" name="doubleClick" time="9.753"/>
  <system-out/>
</testsuite> <!-- testngpractice.DoubleClick1Test -->
