<?xml version="1.0" encoding="UTF-8"?>
<!-- Generated by org.testng.reporters.JUnitReportReporter -->
<testsuite hostname="DESKTOP-509QHVL" failures="0" tests="1" name="testyantra.FileUploadPopUp" time="4.039" errors="0" timestamp="2023-02-03T16:28:26 IST" skipped="0">
  <testcase classname="testyantra.FileUploadPopUp" name="test" time="4.039"/>
  <system-out/>
</testsuite> <!-- testyantra.FileUploadPopUp -->
