<?xml version="1.0" encoding="UTF-8"?>
<!-- Generated by org.testng.reporters.JUnitReportReporter -->
<testsuite hostname="DESKTOP-509QHVL" failures="0" tests="1" name="testyantra.NotificationPopUp" time="22.259" errors="0" timestamp="2023-02-03T16:11:17 IST" skipped="0">
  <testcase classname="testyantra.NotificationPopUp" name="testCase" time="22.259"/>
  <system-out/>
</testsuite> <!-- testyantra.NotificationPopUp -->
