<?xml version="1.0" encoding="UTF-8"?>
<!-- Generated by org.testng.reporters.JUnitReportReporter -->
<testsuite hostname="DESKTOP-509QHVL" failures="0" tests="1" name="testyantra.JavaScript2Test" time="4.703" errors="0" timestamp="2023-02-05T16:35:48 IST" skipped="0">
  <testcase classname="testyantra.JavaScript2Test" name="disableTextField" time="4.703"/>
  <system-out/>
</testsuite> <!-- testyantra.JavaScript2Test -->
