<?xml version="1.0" encoding="UTF-8"?>
<!-- Generated by org.testng.reporters.JUnitReportReporter -->
<testsuite hostname="DESKTOP-509QHVL" failures="0" tests="1" name="testngpractice.DoubleClick1" time="5.052" errors="0" timestamp="2023-01-31T09:33:45 IST" skipped="0">
  <testcase classname="testngpractice.DoubleClick1" name="doubleClick" time="5.052"/>
  <system-out/>
</testsuite> <!-- testngpractice.DoubleClick1 -->
