<?xml version="1.0" encoding="UTF-8"?>
<!-- Generated by org.testng.reporters.JUnitReportReporter -->
<testsuite hostname="DESKTOP-509QHVL" failures="0" tests="4" name="testyantra.Login" time="41.292" errors="0" timestamp="2023-02-05T16:24:27 IST" skipped="0">
  <testcase classname="testyantra.Login" name="login" time="10.467"/>
  <system-out/>
  <testcase classname="testyantra.Login" name="login" time="10.379"/>
  <system-out/>
  <testcase classname="testyantra.Login" name="login" time="10.219"/>
  <system-out/>
  <testcase classname="testyantra.Login" name="login" time="10.227"/>
  <system-out/>
</testsuite> <!-- testyantra.Login -->
