<?xml version="1.0" encoding="UTF-8"?>
<!-- Generated by org.testng.reporters.JUnitReportReporter -->
<testsuite hostname="DESKTOP-509QHVL" failures="0" tests="1" name="com.testyantra.demowebshop.test.AddToCart" time="8.186" errors="0" timestamp="2023-01-30T10:34:08 IST" skipped="0">
  <testcase classname="com.testyantra.demowebshop.test.AddToCart" name="addToCart" time="8.186"/>
  <system-out>
    <![CDATA[Homepage is displayed upon verification of title.
LoginPage is displayed upon verification of its URL.
JewelryPage is displayed upon verification of its URL.
ShoppingCartPage is displayed upon verification of its URL.]]>
  </system-out>
</testsuite> <!-- com.testyantra.demowebshop.test.AddToCart -->
