<?xml version="1.0" encoding="UTF-8"?>
<!-- Generated by org.testng.reporters.JUnitReportReporter -->
<testsuite hostname="DESKTOP-509QHVL" failures="0" tests="2" name="testngpractice.JavaScriptClick" time="11.091" errors="0" timestamp="2023-01-30T14:42:17 IST" skipped="0">
  <testcase classname="testngpractice.JavaScriptClick" name="disableButtonClick" time="11.090"/>
  <system-out/>
  <testcase classname="testngpractice.JavaScriptClick" name="demo" time="0.001"/>
  <system-out/>
</testsuite> <!-- testngpractice.JavaScriptClick -->
