<?xml version="1.0" encoding="UTF-8"?>
<!-- Generated by org.testng.reporters.JUnitReportReporter -->
<testsuite hostname="DESKTOP-509QHVL" failures="0" tests="4" name="emendation.LoginPage" time="34.649" errors="0" timestamp="2023-01-31T17:13:10 IST" skipped="0">
  <testcase classname="emendation.LoginPage" name="login" time="11.368"/>
  <system-out/>
  <testcase classname="emendation.LoginPage" name="login" time="6.361"/>
  <system-out/>
  <testcase classname="emendation.LoginPage" name="login" time="8.232"/>
  <system-out/>
  <testcase classname="emendation.LoginPage" name="login" time="8.688"/>
  <system-out/>
</testsuite> <!-- emendation.LoginPage -->
